This is XeTeX, Version 3.14159265-2.6-0.99991 (TeX Live 2014/Arch Linux) (preloaded format=xelatex 2015.4.16)  12 MAY 2015 18:54
entering extended mode
 restricted \write18 enabled.
 %&-line parsing enabled.
**Title.tex
(./Title.tex
LaTeX2e <2014/05/01>
Babel <3.9l> and hyphenation patterns for 79 languages loaded.

! LaTeX Error: Environment titlepage undefined.

See the LaTeX manual or LaTeX Companion for explanation.
Type  H <return>  for immediate help.
 ...                                              
                                                  
l.1 \begin{titlepage}
                     
Your command was ignored.
Type  I <command> <return>  to replace it with another command,
or  <return>  to continue without it.


! LaTeX Error: Missing \begin{document}.

See the LaTeX manual or LaTeX Companion for explanation.
Type  H <return>  for immediate help.
 ...                                              
                                                  
l.4 \begin{center}
                  
You're in trouble here.  Try typing  <return>  to proceed.
If that doesn't work, type  X <return>  to quit.


Overfull \hbox (20.0pt too wide) in paragraph at lines 4--4
[] 
 []

Missing character: There is no –ë in font nullfont!
Missing character: There is no –ï in font nullfont!
Missing character: There is no –õ in font nullfont!
Missing character: There is no –û in font nullfont!
Missing character: There is no –† in font nullfont!
Missing character: There is no –£ in font nullfont!
Missing character: There is no –° in font nullfont!
Missing character: There is no –° in font nullfont!
Missing character: There is no –ö in font nullfont!
Missing character: There is no –ò in font nullfont!
Missing character: There is no –ô in font nullfont!
Missing character: There is no –ì in font nullfont!
Missing character: There is no –û in font nullfont!
Missing character: There is no –° in font nullfont!
Missing character: There is no –£ in font nullfont!
Missing character: There is no –î in font nullfont!
Missing character: There is no –ê in font nullfont!
Missing character: There is no –† in font nullfont!
Missing character: There is no –° in font nullfont!
Missing character: There is no –¢ in font nullfont!
Missing character: There is no –í in font nullfont!
Missing character: There is no –ï in font nullfont!
Missing character: There is no –ù in font nullfont!
Missing character: There is no –ù in font nullfont!
Missing character: There is no –´ in font nullfont!
Missing character: There is no –ô in font nullfont!
Missing character: There is no –£ in font nullfont!
Missing character: There is no –ù in font nullfont!
Missing character: There is no –ò in font nullfont!
Missing character: There is no –í in font nullfont!
Missing character: There is no –ï in font nullfont!
Missing character: There is no –† in font nullfont!
Missing character: There is no –° in font nullfont!
Missing character: There is no –ò in font nullfont!
Missing character: There is no –¢ in font nullfont!
Missing character: There is no –ï in font nullfont!
Missing character: There is no –¢ in font nullfont!
Missing character: There is no –ú in font nullfont!
Missing character: There is no –ï in font nullfont!
Missing character: There is no –• in font nullfont!
Missing character: There is no –ê in font nullfont!
Missing character: There is no –ù in font nullfont!
Missing character: There is no –ò in font nullfont!
Missing character: There is no –ö in font nullfont!
Missing character: There is no –û in font nullfont!
Missing character: There is no - in font nullfont!
Missing character: There is no –ú in font nullfont!
Missing character: There is no –ê in font nullfont!
Missing character: There is no –¢ in font nullfont!
Missing character: There is no –ï in font nullfont!
Missing character: There is no –ú in font nullfont!
Missing character: There is no –ê in font nullfont!
Missing character: There is no –¢ in font nullfont!
Missing character: There is no –ò in font nullfont!
Missing character: There is no –ß in font nullfont!
Missing character: There is no –ï in font nullfont!
Missing character: There is no –° in font nullfont!
Missing character: There is no –ö in font nullfont!
Missing character: There is no –ò in font nullfont!
Missing character: There is no –ô in font nullfont!
Missing character: There is no –§ in font nullfont!
Missing character: There is no –ê in font nullfont!
Missing character: There is no –ö in font nullfont!
Missing character: There is no –£ in font nullfont!
Missing character: There is no –õ in font nullfont!
Missing character: There is no –¨ in font nullfont!
Missing character: There is no –¢ in font nullfont!
Missing character: There is no –ï in font nullfont!
Missing character: There is no –¢ in font nullfont!
Missing character: There is no –ö in font nullfont!
Missing character: There is no –ê in font nullfont!
Missing character: There is no –§ in font nullfont!
Missing character: There is no –ï in font nullfont!
Missing character: There is no –î in font nullfont!
Missing character: There is no –† in font nullfont!
Missing character: There is no –ê in font nullfont!
Missing character: There is no –í in font nullfont!
Missing character: There is no –ï in font nullfont!
Missing character: There is no –ë in font nullfont!
Missing character: There is no - in font nullfont!
Missing character: There is no –¢ in font nullfont!
Missing character: There is no –ï in font nullfont!
Missing character: There is no –• in font nullfont!
Missing character: There is no –ù in font nullfont!
Missing character: There is no –û in font nullfont!
Missing character: There is no –õ in font nullfont!
Missing character: There is no –û in font nullfont!
Missing character: There is no –ì in font nullfont!
Missing character: There is no –ò in font nullfont!
Missing character: There is no –ô in font nullfont!
Missing character: There is no –ò in font nullfont!
Missing character: There is no –ö in font nullfont!
Missing character: There is no –û in font nullfont!
Missing character: There is no –ú in font nullfont!
Missing character: There is no –ü in font nullfont!
Missing character: There is no –¨ in font nullfont!
Missing character: There is no –Æ in font nullfont!
Missing character: There is no –¢ in font nullfont!
Missing character: There is no –ï in font nullfont!
Missing character: There is no –† in font nullfont!
Missing character: There is no –ù in font nullfont!
Missing character: There is no –û in font nullfont!
Missing character: There is no –ì in font nullfont!
Missing character: There is no –û in font nullfont!
Missing character: There is no –ú in font nullfont!
Missing character: There is no –û in font nullfont!
Missing character: There is no –î in font nullfont!
Missing character: There is no –ï in font nullfont!
Missing character: There is no –õ in font nullfont!
Missing character: There is no –ò in font nullfont!
Missing character: There is no –† in font nullfont!
Missing character: There is no –û in font nullfont!
Missing character: There is no –í in font nullfont!
Missing character: There is no –ê in font nullfont!
Missing character: There is no –ù in font nullfont!
Missing character: There is no –ò in font nullfont!
Missing character: There is no –Ø in font nullfont!

Overfull \hbox (20.0pt too wide) in paragraph at lines 12--12
[] 
 []

Missing character: There is no –ö in font nullfont!
Missing character: There is no —É in font nullfont!
Missing character: There is no —Ä in font nullfont!
Missing character: There is no —Å in font nullfont!
Missing character: There is no –æ in font nullfont!
Missing character: There is no –≤ in font nullfont!
Missing character: There is no –∞ in font nullfont!
Missing character: There is no —è in font nullfont!
Missing character: There is no —Ä in font nullfont!
Missing character: There is no –∞ in font nullfont!
Missing character: There is no –± in font nullfont!
Missing character: There is no –æ in font nullfont!
Missing character: There is no —Ç in font nullfont!
Missing character: There is no –∞ in font nullfont!

Overfull \hbox (20.0pt too wide) in paragraph at lines 16--16
[] 
 []

! Undefined control sequence.
l.17 \Large
            \textbf{–°–æ–∑–¥–∞–Ω–∏–µ –∫–ª–∏–µ–Ω—Ç-—Å–µ—Ä–≤–µ—Ä–Ω–æ–≥–æ –∏–≥—...
The control sequence at the end of the top line
of your error message was never \def'ed. If you have
misspelled it (e.g., `\hobx'), type `I' and the correct
spelling (e.g., `I\hbox'). Otherwise just continue,
and I'll forget about whatever was undefined.

Missing character: There is no –° in font cmbx10!
Missing character: There is no –æ in font cmbx10!
Missing character: There is no –∑ in font cmbx10!
Missing character: There is no –¥ in font cmbx10!
Missing character: There is no –∞ in font cmbx10!
Missing character: There is no –Ω in font cmbx10!
Missing character: There is no –∏ in font cmbx10!
Missing character: There is no –µ in font cmbx10!
Missing character: There is no –∫ in font cmbx10!
Missing character: There is no –ª in font cmbx10!
Missing character: There is no –∏ in font cmbx10!
Missing character: There is no –µ in font cmbx10!
Missing character: There is no –Ω in font cmbx10!
Missing character: There is no —Ç in font cmbx10!
Missing character: There is no —Å in font cmbx10!
Missing character: There is no –µ in font cmbx10!
Missing character: There is no —Ä in font cmbx10!
Missing character: There is no –≤ in font cmbx10!
Missing character: There is no –µ in font cmbx10!
Missing character: There is no —Ä in font cmbx10!
Missing character: There is no –Ω in font cmbx10!
Missing character: There is no –æ in font cmbx10!
Missing character: There is no –≥ in font cmbx10!
Missing character: There is no –æ in font cmbx10!
Missing character: There is no –∏ in font cmbx10!
Missing character: There is no –≥ in font cmbx10!
Missing character: There is no —Ä in font cmbx10!
Missing character: There is no –æ in font cmbx10!
Missing character: There is no –≤ in font cmbx10!
Missing character: There is no –æ in font cmbx10!
Missing character: There is no –≥ in font cmbx10!
Missing character: There is no –æ in font cmbx10!
Missing character: There is no –ø in font cmbx10!
Missing character: There is no —Ä in font cmbx10!
Missing character: There is no –∏ in font cmbx10!
Missing character: There is no –ª in font cmbx10!
Missing character: There is no –æ in font cmbx10!
Missing character: There is no –∂ in font cmbx10!
Missing character: There is no –µ in font cmbx10!
Missing character: There is no –Ω in font cmbx10!
Missing character: There is no –∏ in font cmbx10!
Missing character: There is no —è in font cmbx10!
Missing character: There is no –ø in font cmbx10!
Missing character: There is no –æ in font cmbx10!
Missing character: There is no –¥ in font cmbx10!
Missing character: There is no –æ in font cmbx10!
Missing character: There is no –ø in font cmbx10!
Missing character: There is no –µ in font cmbx10!
Missing character: There is no —Ä in font cmbx10!
Missing character: There is no –∞ in font cmbx10!
Missing character: There is no —Ü in font cmbx10!
Missing character: There is no –∏ in font cmbx10!
Missing character: There is no –æ in font cmbx10!
Missing character: There is no –Ω in font cmbx10!
Missing character: There is no –Ω in font cmbx10!
Missing character: There is no —É in font cmbx10!
Missing character: There is no —é in font cmbx10!
Missing character: There is no —Å in font cmbx10!
Missing character: There is no –∏ in font cmbx10!
Missing character: There is no —Å in font cmbx10!
Missing character: There is no —Ç in font cmbx10!
Missing character: There is no –µ in font cmbx10!
Missing character: There is no –º in font cmbx10!
Missing character: There is no —É in font cmbx10!
Missing character: There is no –∞ in font cmbx10!
Missing character: There is no –Ω in font cmbx10!
Missing character: There is no –¥ in font cmbx10!
Missing character: There is no —Ä in font cmbx10!
Missing character: There is no –æ in font cmbx10!
Missing character: There is no –∏ in font cmbx10!
Missing character: There is no –¥ in font cmbx10!
Missing character: There is no –µ in font cmbx10!

Overfull \hbox (3.83331pt too wide) in paragraph at lines 17--18
 \OT1/cmr/bx/n/10 - 
 []


Overfull \hbox (20.0pt too wide) in paragraph at lines 22--22
[] 
 []

Missing character: There is no –ù in font nullfont!
Missing character: There is no –∞ in font nullfont!
Missing character: There is no —É in font nullfont!
Missing character: There is no —á in font nullfont!
Missing character: There is no –Ω in font nullfont!
Missing character: There is no —ã in font nullfont!
Missing character: There is no –π in font nullfont!
Missing character: There is no —Ä in font nullfont!
Missing character: There is no —É in font nullfont!
Missing character: There is no –∫ in font nullfont!
Missing character: There is no –æ in font nullfont!
Missing character: There is no –≤ in font nullfont!
Missing character: There is no –æ in font nullfont!
Missing character: There is no –¥ in font nullfont!
Missing character: There is no –∏ in font nullfont!
Missing character: There is no —Ç in font nullfont!
Missing character: There is no –µ in font nullfont!
Missing character: There is no –ª in font nullfont!
Missing character: There is no —å in font nullfont!
Missing character: There is no : in font nullfont!
Missing character: There is no –î in font nullfont!
Missing character: There is no –µ in font nullfont!
Missing character: There is no –¥ in font nullfont!
Missing character: There is no –∫ in font nullfont!
Missing character: There is no –æ in font nullfont!
Missing character: There is no –≤ in font nullfont!
Missing character: There is no –î in font nullfont!
Missing character: There is no –∞ in font nullfont!
Missing character: There is no –Ω in font nullfont!
Missing character: There is no –∏ in font nullfont!
Missing character: There is no –∏ in font nullfont!
Missing character: There is no –ª in font nullfont!
Missing character: There is no –Æ in font nullfont!
Missing character: There is no —Ä in font nullfont!
Missing character: There is no —å in font nullfont!
Missing character: There is no –µ in font nullfont!
Missing character: There is no –≤ in font nullfont!
Missing character: There is no –∏ in font nullfont!
Missing character: There is no —á in font nullfont!
Missing character: There is no –ò in font nullfont!
Missing character: There is no —Å in font nullfont!
Missing character: There is no –ø in font nullfont!
Missing character: There is no –æ in font nullfont!
Missing character: There is no –ª in font nullfont!
Missing character: There is no –Ω in font nullfont!
Missing character: There is no –∏ in font nullfont!
Missing character: There is no —Ç in font nullfont!
Missing character: There is no –µ in font nullfont!
Missing character: There is no –ª in font nullfont!
Missing character: There is no –∏ in font nullfont!
Missing character: There is no : in font nullfont!
Missing character: There is no —Å in font nullfont!
Missing character: There is no —Ç in font nullfont!
Missing character: There is no —É in font nullfont!
Missing character: There is no –¥ in font nullfont!
Missing character: There is no –µ in font nullfont!
Missing character: There is no –Ω in font nullfont!
Missing character: There is no —Ç in font nullfont!
Missing character: There is no —ã in font nullfont!
Missing character: There is no 3 in font nullfont!
Missing character: There is no –∫ in font nullfont!
Missing character: There is no —É in font nullfont!
Missing character: There is no —Ä in font nullfont!
Missing character: There is no —Å in font nullfont!
Missing character: There is no –∞ in font nullfont!
Missing character: There is no , in font nullfont!
Missing character: There is no 2 in font nullfont!
Missing character: There is no –≥ in font nullfont!
Missing character: There is no —Ä in font nullfont!
Missing character: There is no —É in font nullfont!
Missing character: There is no –ø in font nullfont!
Missing character: There is no –ø in font nullfont!
Missing character: There is no —ã in font nullfont!
Missing character: There is no –ë in font nullfont!
Missing character: There is no –∞ in font nullfont!
Missing character: There is no –± in font nullfont!
Missing character: There is no –µ in font nullfont!
Missing character: There is no –Ω in font nullfont!
Missing character: There is no —è in font nullfont!
Missing character: There is no –í in font nullfont!
Missing character: There is no —è in font nullfont!
Missing character: There is no —á in font nullfont!
Missing character: There is no –µ in font nullfont!
Missing character: There is no —Å in font nullfont!
Missing character: There is no –ª in font nullfont!
Missing character: There is no –∞ in font nullfont!
Missing character: There is no –≤ in font nullfont!
Missing character: There is no –ò in font nullfont!
Missing character: There is no –≥ in font nullfont!
Missing character: There is no –æ in font nullfont!
Missing character: There is no —Ä in font nullfont!
Missing character: There is no –µ in font nullfont!
Missing character: There is no –≤ in font nullfont!
Missing character: There is no –∏ in font nullfont!
Missing character: There is no —á in font nullfont!
Missing character: There is no –ö in font nullfont!
Missing character: There is no –æ in font nullfont!
Missing character: There is no —á in font nullfont!
Missing character: There is no —É in font nullfont!
Missing character: There is no —Ä in font nullfont!
Missing character: There is no –∫ in font nullfont!
Missing character: There is no –æ in font nullfont!
Missing character: There is no –ê in font nullfont!
Missing character: There is no –ª in font nullfont!
Missing character: There is no –µ in font nullfont!
Missing character: There is no –∫ in font nullfont!
Missing character: There is no —Å in font nullfont!
Missing character: There is no –∞ in font nullfont!
Missing character: There is no –Ω in font nullfont!
Missing character: There is no –¥ in font nullfont!
Missing character: There is no —Ä in font nullfont!
Missing character: There is no –ê in font nullfont!
Missing character: There is no –ª in font nullfont!
Missing character: There is no –µ in font nullfont!
Missing character: There is no –∫ in font nullfont!
Missing character: There is no —Å in font nullfont!
Missing character: There is no –∞ in font nullfont!
Missing character: There is no –Ω in font nullfont!
Missing character: There is no –¥ in font nullfont!
Missing character: There is no —Ä in font nullfont!
Missing character: There is no –æ in font nullfont!
Missing character: There is no –≤ in font nullfont!
Missing character: There is no –∏ in font nullfont!
Missing character: There is no —á in font nullfont!
Missing character: There is no –Ø in font nullfont!
Missing character: There is no –∫ in font nullfont!
Missing character: There is no –æ in font nullfont!
Missing character: There is no –≤ in font nullfont!
Missing character: There is no —á in font nullfont!
Missing character: There is no –∏ in font nullfont!
Missing character: There is no –∫ in font nullfont!
Missing character: There is no –ê in font nullfont!
Missing character: There is no –Ω in font nullfont!
Missing character: There is no —Ç in font nullfont!
Missing character: There is no –æ in font nullfont!
Missing character: There is no –Ω in font nullfont!
Missing character: There is no –ï in font nullfont!
Missing character: There is no –≤ in font nullfont!
Missing character: There is no –≥ in font nullfont!
Missing character: There is no –µ in font nullfont!
Missing character: There is no –Ω in font nullfont!
Missing character: There is no —å in font nullfont!
Missing character: There is no –µ in font nullfont!
Missing character: There is no –≤ in font nullfont!
Missing character: There is no –∏ in font nullfont!
Missing character: There is no —á in font nullfont!

Underfull \hbox (badness 10000) in paragraph at lines 38--38

 []


Underfull \hbox (badness 10000) in paragraph at lines 38--38

 []

LaTeX Font Info:    External font `cmex10' loaded for size
(Font)              <7> on input line 38.
LaTeX Font Info:    External font `cmex10' loaded for size
(Font)              <5> on input line 38.

Overfull \hbox (3686.37498pt too wide) in paragraph at lines 38--39
 []$
 []


Overfull \hbox (20.0pt too wide) in paragraph at lines 43--43
[] 
 []

Missing character: There is no –ú in font nullfont!
Missing character: There is no –∏ in font nullfont!
Missing character: There is no –Ω in font nullfont!
Missing character: There is no —Å in font nullfont!
Missing character: There is no –∫ in font nullfont!
Missing character: There is no 2 in font nullfont!
Missing character: There is no 0 in font nullfont!
Missing character: There is no 1 in font nullfont!
Missing character: There is no 5 in font nullfont!

! LaTeX Error: \begin{document} ended by \end{titlepage}.

See the LaTeX manual or LaTeX Companion for explanation.
Type  H <return>  for immediate help.
 ...                                              
                                                  
l.47 \end{titlepage}
                    
Your command was ignored.
Type  I <command> <return>  to replace it with another command,
or  <return>  to continue without it.

)
! Emergency stop.
<*> Title.tex
             
*** (job aborted, no legal \end found)

 
Here is how much of TeX's memory you used:
 11 strings out of 493724
 108 string characters out of 6151031
 54043 words of memory out of 5000000
 3438 multiletter control sequences out of 15000+600000
 3948 words of font info for 15 fonts, out of 8000000 for 9000
 1328 hyphenation exceptions out of 8191
 19i,3n,17p,135b,127s stack positions out of 5000i,500n,10000p,200000b,80000s
No pages of output.
